<?xml version="1.0" encoding="UTF-8"?>
<!-- Generated by org.testng.reporters.JUnitReportReporter -->
<testsuite hostname="DESKTOP-0I01A8Q" name="FirstTestNGExample.GroupTest" tests="2" failures="0" timestamp="22 Sep 2017 15:51:34 GMT" time="0.001" errors="0">
  <testcase name="secondGroup" time="0.000" classname="FirstTestNGExample.GroupTest"/>
  <testcase name="firstGroup" time="0.001" classname="FirstTestNGExample.GroupTest"/>
</testsuite> <!-- FirstTestNGExample.GroupTest -->
