<?xml version="1.0" encoding="UTF-8"?>
<!-- Generated by org.testng.reporters.JUnitReportReporter -->
<testsuite hostname="DESKTOP-0I01A8Q" name="FirstTestNGExample.SecondDemo" tests="2" failures="0" timestamp="22 Sep 2017 18:11:12 GMT" time="1.006" errors="0">
  <testcase name="firstTest" time="0.000" classname="FirstTestNGExample.SecondDemo"/>
  <testcase name="secondTest" time="1.006" classname="FirstTestNGExample.SecondDemo"/>
</testsuite> <!-- FirstTestNGExample.SecondDemo -->
