<?xml version="1.0" encoding="UTF-8"?>
<!-- Generated by org.testng.reporters.JUnitReportReporter -->
<testsuite hostname="DESKTOP-0I01A8Q" name="FirstTestNGExample.TestNGDemo" tests="2" failures="0" timestamp="22 Sep 2017 18:11:12 GMT" time="0.001" errors="0">
  <testcase name="secondTest" time="0.000" classname="FirstTestNGExample.TestNGDemo"/>
  <testcase name="firstTest" time="0.001" classname="FirstTestNGExample.TestNGDemo"/>
</testsuite> <!-- FirstTestNGExample.TestNGDemo -->
